<?xml version="1.0" encoding="UTF-8"?>
<!-- Generated by org.testng.reporters.JUnitReportReporter -->
<testsuite hostname="DESKTOP-B1E82UI" name="Aspire.AppTest" tests="1" failures="0" timestamp="26 Jan 2022 15:34:12 GMT" time="0.004" errors="0">
  <testcase name="shouldAnswerWithTrue" time="0.004" classname="Aspire.AppTest"/>
</testsuite> <!-- Aspire.AppTest -->
